0 info it worked if it ends with ok
1 verbose cli [ '/usr/bin/node', '/usr/bin/npm', 'publish', './' ]
2 info using npm@1.4.28
3 info using node@v0.10.35
4 verbose node symlink /usr/bin/node
5 verbose publish [ './' ]
6 verbose cache add [ './', null ]
7 verbose cache add name=undefined spec="./" args=["./",null]
8 verbose parsed url { protocol: null,
8 verbose parsed url   slashes: null,
8 verbose parsed url   auth: null,
8 verbose parsed url   host: null,
8 verbose parsed url   port: null,
8 verbose parsed url   hostname: null,
8 verbose parsed url   hash: null,
8 verbose parsed url   search: null,
8 verbose parsed url   query: null,
8 verbose parsed url   pathname: './',
8 verbose parsed url   path: './',
8 verbose parsed url   href: './' }
9 silly lockFile 0ee6c175- ./
10 verbose lock ./ /home/rico/.npm/0ee6c175-.lock
11 verbose tar pack [ '/home/rico/.npm/jsfy/1.0.0/package.tgz', './' ]
12 verbose tarball /home/rico/.npm/jsfy/1.0.0/package.tgz
13 verbose folder ./
14 info prepublish jsfy@1.0.0
15 silly lockFile 04cb2bca-tar tar://./
16 verbose lock tar://./ /home/rico/.npm/04cb2bca-tar.lock
17 silly lockFile c4bd6505--rico-npm-jsfy-1-0-0-package-tgz tar:///home/rico/.npm/jsfy/1.0.0/package.tgz
18 verbose lock tar:///home/rico/.npm/jsfy/1.0.0/package.tgz /home/rico/.npm/c4bd6505--rico-npm-jsfy-1-0-0-package-tgz.lock
19 silly lockFile 04cb2bca-tar tar://./
20 silly lockFile 04cb2bca-tar tar://./
21 silly lockFile c4bd6505--rico-npm-jsfy-1-0-0-package-tgz tar:///home/rico/.npm/jsfy/1.0.0/package.tgz
22 silly lockFile c4bd6505--rico-npm-jsfy-1-0-0-package-tgz tar:///home/rico/.npm/jsfy/1.0.0/package.tgz
23 silly lockFile 1e006aea-home-rico-npm-jsfy-1-0-0-package /home/rico/.npm/jsfy/1.0.0/package
24 verbose lock /home/rico/.npm/jsfy/1.0.0/package /home/rico/.npm/1e006aea-home-rico-npm-jsfy-1-0-0-package.lock
25 silly lockFile 1e006aea-home-rico-npm-jsfy-1-0-0-package /home/rico/.npm/jsfy/1.0.0/package
26 silly lockFile 1e006aea-home-rico-npm-jsfy-1-0-0-package /home/rico/.npm/jsfy/1.0.0/package
27 silly lockFile 0ee6c175- ./
28 silly lockFile 0ee6c175- ./
29 silly publish { name: 'jsfy',
29 silly publish   version: '1.0.0',
29 silly publish   description: 'Javascript Object serialization',
29 silly publish   keywords: [ 'stringify', 'jsfy', 'json' ],
29 silly publish   url: 'http://github.com/simone-sanfratello/jsfy',
29 silly publish   author: { name: 'Simone Sanfratello', email: 'simone.sanfra@gmail.com' },
29 silly publish   license: 'MIT',
29 silly publish   repository:
29 silly publish    { type: 'git',
29 silly publish      url: 'git://github.com/simone-sanfratello/jsfy.git' },
29 silly publish   engines: { node: '>= 0.10.x' },
29 silly publish   scripts: { test: 'node test.js' },
29 silly publish   files: [ 'main.js' ],
29 silly publish   main: 'main',
29 silly publish   readme: '# jsfy\n\n[![NPM Version](http://img.shields.io/npm/v/jsfy.svg?style=flat)](https://www.npmjs.org/package/jsfy)\n[![NPM Downloads](https://img.shields.io/npm/dm/jsfy.svg?style=flat)](https://www.npmjs.org/package/jsfy)\n\nJavascript Object full serialization, when JSON.stringify is not enough\n\n## Npm Installation\n\n    $ npm install jsfy\n\n## Node.js Example\n\n```js\n\nvar jsfy = require(\'jsfy\');\n\nvar _test = {\n    astring: \'katia\',\n    anarraymix: [1, \'alice\', \'rico\', \'mimi\', 2, 3, new Date()],\n    aclass: {\n        afunction: function() { return \'hi\'; },\n        afloat: 7.8\n    },\n    aregexp: /(\\w)+/,\n    atree: {\n        one: 1,\n        two: \'two\',\n        three: {\n            threeone: {\n                1: \'3.1\'\n            }\n        },\n        four: 4.01\n    }\n};\n\nconsole.log(jsfy(_test, 2, \'\\n\'));\n```\n\n## On Browser\n\n    <script src="https://raw.githubusercontent.com/simone-sanfratello/jsfy/master/main.js"></script>\n\n## Browser Example\n\n```html\n\n<script src="https://raw.githubusercontent.com/simone-sanfratello/jsfy/master/main.js">\n\n    var _test = {\n        astring: \'katia\',\n        anarraymix: [1, \'alice\', \'rico\', \'mimi\', 2, 3, new Date()],\n        aclass: {\n            afunction: function() { return \'hi\'; },\n            afloat: 7.8\n        },\n        aregexp: /(\\w)+/,\n        atree: {\n            one: 1,\n            two: \'two\',\n            three: {\n                threeone: {\n                    1: \'3.1\'\n                }\n            },\n            four: 4.01\n        }\n    };\n\n    console.log(jsfy(_test, 2, \'\\n\'));\n</script>\n```\n\n## License\n\nThe MIT License (MIT)\n\nCopyright (c) 2015 Simone Sanfratello\n\nPermission is hereby granted, free of charge, to any person obtaining a copy\nof this software and associated documentation files (the "Software"), to deal\nin the Software without restriction, including without limitation the rights\nto use, copy, modify, merge, publish, distribute, sublicense, and/or sell\ncopies of the Software, and to permit persons to whom the Software is\nfurnished to do so, subject to the following conditions:\n\nThe above copyright notice and this permission notice shall be included in all\ncopies or substantial portions of the Software.\n\nTHE SOFTWARE IS PROVIDED "AS IS", WITHOUT WARRANTY OF ANY KIND, EXPRESS OR\nIMPLIED, INCLUDING BUT NOT LIMITED TO THE WARRANTIES OF MERCHANTABILITY,\nFITNESS FOR A PARTICULAR PURPOSE AND NONINFRINGEMENT. IN NO EVENT SHALL THE\nAUTHORS OR COPYRIGHT HOLDERS BE LIABLE FOR ANY CLAIM, DAMAGES OR OTHER\nLIABILITY, WHETHER IN AN ACTION OF CONTRACT, TORT OR OTHERWISE, ARISING FROM,\nOUT OF OR IN CONNECTION WITH THE SOFTWARE OR THE USE OR OTHER DEALINGS IN THE\nSOFTWARE.',
29 silly publish   readmeFilename: 'README.md',
29 silly publish   gitHead: 'e7f11ce779a66a3b04bb5cb591619688da6245e3',
29 silly publish   bugs: { url: 'https://github.com/simone-sanfratello/jsfy/issues' },
29 silly publish   homepage: 'https://github.com/simone-sanfratello/jsfy',
29 silly publish   _id: 'jsfy@1.0.0',
29 silly publish   _shasum: '691b94cf2fccc28007d5887b2dfdd272ca27b27a',
29 silly publish   _from: './' }
30 verbose request where is /jsfy
31 verbose request registry https://registry.npmjs.org/
32 verbose request id d00191aada36daa7
33 verbose url raw /jsfy
34 verbose url resolving [ 'https://registry.npmjs.org/', './jsfy' ]
35 verbose url resolved https://registry.npmjs.org/jsfy
36 verbose request where is https://registry.npmjs.org/jsfy
37 info trying registry request attempt 1 at 07:41:21
38 http PUT https://registry.npmjs.org/jsfy
39 http 403 https://registry.npmjs.org/jsfy
40 verbose headers { date: 'Thu, 05 Feb 2015 06:41:25 GMT',
40 verbose headers   server: 'CouchDB/1.5.0 (Erlang OTP/R16B03)',
40 verbose headers   'content-type': 'application/json',
40 verbose headers   'cache-control': 'max-age=60',
40 verbose headers   'content-length': '5634',
40 verbose headers   'accept-ranges': 'bytes',
40 verbose headers   via: '1.1 varnish',
40 verbose headers   'x-served-by': 'cache-lcy1133-LCY',
40 verbose headers   'x-cache': 'MISS',
40 verbose headers   'x-cache-hits': '0',
40 verbose headers   'x-timer': 'S1423118484.461430,VS0,VE732',
40 verbose headers   'keep-alive': 'timeout=10, max=50',
40 verbose headers   connection: 'Keep-Alive' }
41 error publish Failed PUT 403
42 error Error: forbidden cannot modify pre-existing version: 1.0.0
42 error old={"name":"jsfy","version":"1.0.0","description":"Javascript Object serialization","keywords":["stringify","jsfy","json"],"url":"http://github.com/simone-sanfratello/jsfy","author":{"name":"Simone Sanfratello","email":"simone.sanfra@gmail.com"},"license":"MIT","repository":{"type":"git","url":"git://github.com/simone-sanfratello/jsfy.git"},"engines":{"node":">= 0.10.x"},"scripts":{"test":"node test.js"},"files":["main.js"],"main":"main","gitHead":"7e72bb9cc318d59c388f9688ef8eb3bf247d7369","bugs":{"url":"https://github.com/simone-sanfratello/jsfy/issues"},"homepage":"https://github.com/simone-sanfratello/jsfy","_id":"jsfy@1.0.0","_shasum":"fb5595e7f8585dfc7ebe188ac03bac7e4084b306","_from":"./","_npmVersion":"1.4.28","_npmUser":{"name":"simone.sanfra","email":"simone.sanfra@gmail.com"},"maintainers":[{"name":"simone.sanfra","email":"simone.sanfra@gmail.com"}],"dist":{"shasum":"fb5595e7f8585dfc7ebe188ac03bac7e4084b306","tarball":"http://registry.npmjs.org/jsfy/-/jsfy-1.0.0.tgz"}}
42 error new={"name":"jsfy","version":"1.0.0","description":"Javascript Object serialization","keywords":["stringify","jsfy","json"],"url":"http://github.com/simone-sanfratello/jsfy","author":{"name":"Simone Sanfratello","email":"simone.sanfra@gmail.com"},"license":"MIT","repository":{"type":"git","url":"git://github.com/simone-sanfratello/jsfy.git"},"engines":{"node":">= 0.10.x"},"scripts":{"test":"node test.js"},"files":["main.js"],"main":"main","readme":"# jsfy\u000a\u000a[![NPM Version](http://img.shields.io/npm/v/jsfy.svg?style=flat)](https://www.npmjs.org/package/jsfy)\u000a[![NPM Downloads](https://img.shields.io/npm/dm/jsfy.svg?style=flat)](https://www.npmjs.org/package/jsfy)\u000a\u000aJavascript Object full serialization, when JSON.stringify is not enough\u000a\u000a## Npm Installation\u000a\u000a    $ npm install jsfy\u000a\u000a## Node.js Example\u000a\u000a```js\u000a\u000avar jsfy = require('jsfy');\u000a\u000avar _test = {\u000a    astring: 'katia',\u000a    anarraymix: [1, 'alice', 'rico', 'mimi', 2, 3, new Date()],\u000a    aclass: {\u000a        afunction: function() { return 'hi'; },\u000a        afloat: 7.8\u000a    },\u000a    aregexp: /(\\w)+/,\u000a    atree: {\u000a        one: 1,\u000a        two: 'two',\u000a        three: {\u000a            threeone: {\u000a                1: '3.1'\u000a            }\u000a        },\u000a        four: 4.01\u000a    }\u000a};\u000a\u000aconsole.log(jsfy(_test, 2, '\\n'));\u000a```\u000a\u000a## On Browser\u000a\u000a    <script src=\"https://raw.githubusercontent.com/simone-sanfratello/jsfy/master/main.js\"></script>\u000a\u000a## Browser Example\u000a\u000a```html\u000a\u000a<script src=\"https://raw.githubusercontent.com/simone-sanfratello/jsfy/master/main.js\">\u000a\u000a    var _test = {\u000a        astring: 'katia',\u000a        anarraymix: [1, 'alice', 'rico', 'mimi', 2, 3, new Date()],\u000a        aclass: {\u000a            afunction: function() { return 'hi'; },\u000a            afloat: 7.8\u000a        },\u000a        aregexp: /(\\w)+/,\u000a        atree: {\u000a            one: 1,\u000a            two: 'two',\u000a            three: {\u000a                threeone: {\u000a                    1: '3.1'\u000a                }\u000a            },\u000a            four: 4.01\u000a        }\u000a    };\u000a\u000a    console.log(jsfy(_test, 2, '\\n'));\u000a</script>\u000a```\u000a\u000a## License\u000a\u000aThe MIT License (MIT)\u000a\u000aCopyright (c) 2015 Simone Sanfratello\u000a\u000aPermission is hereby granted, free of charge, to any person obtaining a copy\u000aof this software and associated documentation files (the \"Software\"), to deal\u000ain the Software without restriction, including without limitation the rights\u000ato use, copy, modify, merge, publish, distribute, sublicense, and/or sell\u000acopies of the Software, and to permit persons to whom the Software is\u000afurnished to do so, subject to the following conditions:\u000a\u000aThe above copyright notice and this permission notice shall be included in all\u000acopies or substantial portions of the Software.\u000a\u000aTHE SOFTWARE IS PROVIDED \"AS IS\", WITHOUT WARRANTY OF ANY KIND, EXPRESS OR\u000aIMPLIED, INCLUDING BUT NOT LIMITED TO THE WARRANTIES OF MERCHANTABILITY,\u000aFITNESS FOR A PARTICULAR PURPOSE AND NONINFRINGEMENT. IN NO EVENT SHALL THE\u000aAUTHORS OR COPYRIGHT HOLDERS BE LIABLE FOR ANY CLAIM, DAMAGES OR OTHER\u000aLIABILITY, WHETHER IN AN ACTION OF CONTRACT, TORT OR OTHERWISE, ARISING FROM,\u000aOUT OF OR IN CONNECTION WITH THE SOFTWARE OR THE USE OR OTHER DEALINGS IN THE\u000aSOFTWARE.","readmeFilename":"README.md","gitHead":"e7f11ce779a66a3b04bb5cb591619688da6245e3","bugs":{"url":"https://github.com/simone-sanfratello/jsfy/issues"},"homepage":"https://github.com/simone-sanfratello/jsfy","_id":"jsfy@1.0.0","_shasum":"691b94cf2fccc28007d5887b2dfdd272ca27b27a","_from":"./","_npmVersion":"1.4.28","_npmUser":{"name":"simone.sanfra","email":"simone.sanfra@gmail.com"},"maintainers":[{"name":"simone.sanfra","email":"simone.sanfra@gmail.com"}],"dist":{"shasum":"691b94cf2fccc28007d5887b2dfdd272ca27b27a","tarball":"http://registry.npmjs.org/jsfy/-/jsfy-1.0.0.tgz"}}: jsfy
42 error     at RegClient.<anonymous> (/usr/lib/node_modules/npm/node_modules/npm-registry-client/lib/request.js:308:14)
42 error     at Request._callback (/usr/lib/node_modules/npm/node_modules/npm-registry-client/lib/request.js:246:65)
42 error     at Request.self.callback (/usr/lib/node_modules/npm/node_modules/request/request.js:236:22)
42 error     at Request.emit (events.js:98:17)
42 error     at Request.<anonymous> (/usr/lib/node_modules/npm/node_modules/request/request.js:1142:14)
42 error     at Request.emit (events.js:117:20)
42 error     at IncomingMessage.<anonymous> (/usr/lib/node_modules/npm/node_modules/request/request.js:1096:12)
42 error     at IncomingMessage.emit (events.js:117:20)
42 error     at _stream_readable.js:944:16
42 error     at process._tickCallback (node.js:442:13)
43 error If you need help, you may report this *entire* log,
43 error including the npm and node versions, at:
43 error     <http://github.com/npm/npm/issues>
44 error System Linux 3.13.0-44-generic
45 error command "/usr/bin/node" "/usr/bin/npm" "publish" "./"
46 error cwd /home/rico/dev/node/jsfy
47 error node -v v0.10.35
48 error npm -v 1.4.28
49 verbose exit [ 1, true ]
